<?xml version="1.0" encoding="UTF-8"?>
<!-- Generated by org.testng.reporters.JUnitReportReporter -->
<testsuite hostname="DESKTOP-VTP0TVD" failures="0" tests="1" name="Sauce_Demo.saucedemo.CheckoutFlowTest" time="13.909" errors="0" timestamp="2025-06-08T14:39:44 IST" skipped="0">
  <testcase classname="Sauce_Demo.saucedemo.CheckoutFlowTest" name="endToEndCheckoutValidation" time="13.909"/>
  <system-out/>
</testsuite> <!-- Sauce_Demo.saucedemo.CheckoutFlowTest -->
