<?xml version="1.0" encoding="UTF-8"?>
<!-- Generated by org.testng.reporters.JUnitReportReporter -->
<testsuite hostname="DESKTOP-VTP0TVD" failures="0" tests="1" name="Sauce_Demo.saucedemo.LoginTest" time="5.479" errors="0" timestamp="2025-06-08T14:17:05 IST" skipped="0">
  <testcase classname="Sauce_Demo.saucedemo.LoginTest" name="validateLoginFunctionality" time="5.479"/>
  <system-out/>
</testsuite> <!-- Sauce_Demo.saucedemo.LoginTest -->
