<?xml version="1.0" encoding="UTF-8"?>
<!-- Generated by org.testng.reporters.JUnitReportReporter -->
<testsuite hostname="DESKTOP-VTP0TVD" failures="0" tests="1" name="Sauce_Demo.saucedemo.SortingTest" time="6.123" errors="0" timestamp="2025-06-08T14:20:10 IST" skipped="0">
  <testcase classname="Sauce_Demo.saucedemo.SortingTest" name="validateSortingAndPriceExtraction" time="6.123"/>
  <system-out/>
</testsuite> <!-- Sauce_Demo.saucedemo.SortingTest -->
