<?xml version="1.0" encoding="UTF-8"?>
<!-- Generated by org.testng.reporters.JUnitReportReporter -->
<testsuite hostname="DESKTOP-VTP0TVD" failures="0" tests="1" name="Sauce_Demo.saucedemo.ProductSearchTest" time="7.738" errors="0" timestamp="2025-06-08T14:29:17 IST" skipped="0">
  <testcase classname="Sauce_Demo.saucedemo.ProductSearchTest" name="validateProductSearch" time="7.738"/>
  <system-out/>
</testsuite> <!-- Sauce_Demo.saucedemo.ProductSearchTest -->
